<?xml version="1.0" encoding="UTF-8"?>
<testsuites name="jest tests" tests="9" failures="1" errors="0" time="10.702">
  <testsuite name="API tests" errors="0" failures="1" skipped="0" timestamp="2023-06-04T13:51:30" time="10.531" tests="9">
    <testcase classname="API tests test_0" name="API tests test_0" time="0.047">
      <failure>Error: expect(received).toBe(expected) // Object.is equality

Expected: &quot;0&quot;
Received: null
    at C:\GitHub\Presentations\Dirty-Tests-Workshop\JS\DirtyTestsTS\src\temp\APItests.test.ts:27:35
    at Generator.next (&lt;anonymous&gt;)
    at fulfilled (C:\GitHub\Presentations\Dirty-Tests-Workshop\JS\DirtyTestsTS\src\temp\APItests.test.ts:28:58)
    at processTicksAndRejections (node:internal/process/task_queues:95:5)</failure>
    </testcase>
    <testcase classname="API tests test_1_and_plus" name="API tests test_1_and_plus" time="0.02">
    </testcase>
    <testcase classname="API tests test_plus_and_2" name="API tests test_plus_and_2" time="0.024">
    </testcase>
    <testcase classname="API tests test_zero_zero" name="API tests test_zero_zero" time="0.021">
    </testcase>
    <testcase classname="API tests test_multiple_sequences" name="API tests test_multiple_sequences" time="0.029">
    </testcase>
    <testcase classname="API tests test_multiple_sequences" name="API tests test_multiple_sequences" time="0.016">
    </testcase>
    <testcase classname="API tests test_more_sequences" name="API tests test_more_sequences" time="3.018">
    </testcase>
    <testcase classname="API tests test_more_sequences" name="API tests test_more_sequences" time="3.026">
    </testcase>
    <testcase classname="API tests test_result" name="API tests test_result" time="3.022">
    </testcase>
  </testsuite>
</testsuites>