<?xml version="1.0" encoding="UTF-8"?>
<testsuites name="jest tests" tests="23" failures="4" errors="0" time="36.451">
  <testsuite name="slow unit tests" errors="0" failures="0" skipped="0" timestamp="2023-06-04T13:47:34" time="2.854" tests="5">
    <testcase classname="slow unit tests test_1_2_3" name="slow unit tests test_1_2_3" time="0.01">
    </testcase>
    <testcase classname="slow unit tests test_multiple_vals" name="slow unit tests test_multiple_vals" time="0.003">
    </testcase>
    <testcase classname="slow unit tests test_multiple_vals" name="slow unit tests test_multiple_vals" time="0.003">
    </testcase>
    <testcase classname="slow unit tests test_multiple_vals_2" name="slow unit tests test_multiple_vals_2" time="0.002">
    </testcase>
    <testcase classname="slow unit tests test_multiple_vals_2" name="slow unit tests test_multiple_vals_2" time="0.003">
    </testcase>
  </testsuite>
  <testsuite name="unit tests" errors="0" failures="0" skipped="0" timestamp="2023-06-04T13:47:34" time="2.924" tests="5">
    <testcase classname="unit tests test_nothing" name="unit tests test_nothing" time="0.008">
    </testcase>
    <testcase classname="unit tests test_1" name="unit tests test_1" time="0.002">
    </testcase>
    <testcase classname="unit tests test_1_and_C" name="unit tests test_1_and_C" time="0.002">
    </testcase>
    <testcase classname="unit tests test_01" name="unit tests test_01" time="0.002">
    </testcase>
    <testcase classname="unit tests test_5_mul_and_mul" name="unit tests test_5_mul_and_mul" time="0.002">
    </testcase>
  </testsuite>
  <testsuite name="API tests" errors="0" failures="3" skipped="0" timestamp="2023-06-04T13:47:34" time="12.672" tests="9">
    <testcase classname="API tests test_0" name="API tests test_0" time="0.334">
    </testcase>
    <testcase classname="API tests test_1_and_plus" name="API tests test_1_and_plus" time="0.026">
    </testcase>
    <testcase classname="API tests test_plus_and_2" name="API tests test_plus_and_2" time="0.023">
    </testcase>
    <testcase classname="API tests test_zero_zero" name="API tests test_zero_zero" time="0.023">
    </testcase>
    <testcase classname="API tests test_multiple_sequences" name="API tests test_multiple_sequences" time="0.055">
    </testcase>
    <testcase classname="API tests test_multiple_sequences" name="API tests test_multiple_sequences" time="0.022">
    </testcase>
    <testcase classname="API tests test_more_sequences" name="API tests test_more_sequences" time="3.042">
      <failure>Error: expect(received).toBe(expected) // Object.is equality

Expected: &quot;0&quot;
Received: null
    at C:\GitHub\Presentations\Dirty-Tests-Workshop\JS\DirtyTestsTS\src\temp\APItests.test.ts:112:35
    at Generator.next (&lt;anonymous&gt;)
    at fulfilled (C:\GitHub\Presentations\Dirty-Tests-Workshop\JS\DirtyTestsTS\src\temp\APItests.test.ts:28:58)
    at processTicksAndRejections (node:internal/process/task_queues:95:5)</failure>
    </testcase>
    <testcase classname="API tests test_more_sequences" name="API tests test_more_sequences" time="3.034">
      <failure>Error: expect(received).toBe(expected) // Object.is equality

Expected: &quot;6&quot;
Received: null
    at C:\GitHub\Presentations\Dirty-Tests-Workshop\JS\DirtyTestsTS\src\temp\APItests.test.ts:112:35
    at Generator.next (&lt;anonymous&gt;)
    at fulfilled (C:\GitHub\Presentations\Dirty-Tests-Workshop\JS\DirtyTestsTS\src\temp\APItests.test.ts:28:58)
    at processTicksAndRejections (node:internal/process/task_queues:95:5)</failure>
    </testcase>
    <testcase classname="API tests test_result" name="API tests test_result" time="3.141">
      <failure>Error: expect(received).toBe(expected) // Object.is equality

Expected: &quot;{\&quot;display\&quot;:\&quot;0\&quot;}&quot;
Received: &quot;{\&quot;display\&quot;:null}&quot;
    at C:\GitHub\Presentations\Dirty-Tests-Workshop\JS\DirtyTestsTS\src\temp\APItests.test.ts:146:44
    at Generator.next (&lt;anonymous&gt;)
    at fulfilled (C:\GitHub\Presentations\Dirty-Tests-Workshop\JS\DirtyTestsTS\src\temp\APItests.test.ts:28:58)
    at processTicksAndRejections (node:internal/process/task_queues:95:5)</failure>
    </testcase>
  </testsuite>
  <testsuite name="UITests" errors="0" failures="1" skipped="0" timestamp="2023-06-04T13:47:34" time="35.837" tests="4">
    <testcase classname="UITests test_ui_1_plus_34" name="UITests test_ui_1_plus_34" time="5.134">
      <failure>Error: expect(received).toBe(expected) // Object.is equality

Expected: &quot;34&quot;
Received: &quot;&quot;
    at C:\GitHub\Presentations\Dirty-Tests-Workshop\JS\DirtyTestsTS\src\temp\UITests.test.ts:48:24
    at Generator.next (&lt;anonymous&gt;)
    at fulfilled (C:\GitHub\Presentations\Dirty-Tests-Workshop\JS\DirtyTestsTS\src\temp\UITests.test.ts:5:58)
    at processTicksAndRejections (node:internal/process/task_queues:95:5)</failure>
    </testcase>
    <testcase classname="UITests test_div_6_2" name="UITests test_div_6_2" time="9.393">
    </testcase>
    <testcase classname="UITests test_ui_123" name="UITests test_ui_123" time="8.979">
    </testcase>
    <testcase classname="UITests test_5_plus_3" name="UITests test_5_plus_3" time="8.847">
    </testcase>
  </testsuite>
</testsuites>